Analysis & Synthesis report for snake
Wed Jan 07 23:34:55 2015
Quartus II Version 9.0 Build 235 06/17/2009 Service Pack 2 SJ Web Edition


---------------------
; Table of Contents ;
---------------------
  1. Legal Notice
  2. Analysis & Synthesis Summary
  3. Analysis & Synthesis Settings
  4. Analysis & Synthesis Source Files Read
  5. Analysis & Synthesis Resource Usage Summary
  6. Analysis & Synthesis Resource Utilization by Entity
  7. General Register Statistics
  8. Analysis & Synthesis Messages
  9. Analysis & Synthesis Suppressed Messages



----------------
; Legal Notice ;
----------------
Copyright (C) 1991-2009 Altera Corporation
Your use of Altera Corporation's design tools, logic functions 
and other software and tools, and its AMPP partner logic 
functions, and any output files from any of the foregoing 
(including device programming or simulation files), and any 
associated documentation or information are expressly subject 
to the terms and conditions of the Altera Program License 
Subscription Agreement, Altera MegaCore Function License 
Agreement, or other applicable license agreement, including, 
without limitation, that your use is for the sole purpose of 
programming logic devices manufactured by Altera and sold by 
Altera or its authorized distributors.  Please refer to the 
applicable agreement for further details.



+----------------------------------------------------------------------------+
; Analysis & Synthesis Summary                                               ;
+-----------------------------+----------------------------------------------+
; Analysis & Synthesis Status ; Successful - Wed Jan 07 23:34:55 2015        ;
; Quartus II Version          ; 9.0 Build 235 06/17/2009 SP 2 SJ Web Edition ;
; Revision Name               ; snake                                        ;
; Top-level Entity Name       ; snake                                        ;
; Family                      ; FLEX10K                                      ;
; Total logic elements        ; 0                                            ;
; Total pins                  ; 114                                          ;
; Total memory bits           ; 0                                            ;
+-----------------------------+----------------------------------------------+


+------------------------------------------------------------------------------------------------+
; Analysis & Synthesis Settings                                                                  ;
+--------------------------------------------------------------+-----------------+---------------+
; Option                                                       ; Setting         ; Default Value ;
+--------------------------------------------------------------+-----------------+---------------+
; Device                                                       ; EPF10K70RC240-4 ;               ;
; Top-level entity name                                        ; snake           ; snake         ;
; Family name                                                  ; FLEX10K         ; Stratix II    ;
; Use Generated Physical Constraints File                      ; Off             ;               ;
; Use smart compilation                                        ; Off             ; Off           ;
; Create Debugging Nodes for IP Cores                          ; Off             ; Off           ;
; Preserve fewer node names                                    ; On              ; On            ;
; Disable OpenCore Plus hardware evaluation                    ; Off             ; Off           ;
; Verilog Version                                              ; Verilog_2001    ; Verilog_2001  ;
; VHDL Version                                                 ; VHDL93          ; VHDL93        ;
; State Machine Processing                                     ; Auto            ; Auto          ;
; Safe State Machine                                           ; Off             ; Off           ;
; Extract Verilog State Machines                               ; On              ; On            ;
; Extract VHDL State Machines                                  ; On              ; On            ;
; Ignore Verilog initial constructs                            ; Off             ; Off           ;
; Iteration limit for constant Verilog loops                   ; 5000            ; 5000          ;
; Iteration limit for non-constant Verilog loops               ; 250             ; 250           ;
; Add Pass-Through Logic to Inferred RAMs                      ; On              ; On            ;
; Parallel Synthesis                                           ; Off             ; Off           ;
; NOT Gate Push-Back                                           ; On              ; On            ;
; Power-Up Don't Care                                          ; On              ; On            ;
; Remove Redundant Logic Cells                                 ; Off             ; Off           ;
; Remove Duplicate Registers                                   ; On              ; On            ;
; Ignore CARRY Buffers                                         ; Off             ; Off           ;
; Ignore CASCADE Buffers                                       ; Off             ; Off           ;
; Ignore GLOBAL Buffers                                        ; Off             ; Off           ;
; Ignore ROW GLOBAL Buffers                                    ; Off             ; Off           ;
; Ignore LCELL Buffers                                         ; Off             ; Off           ;
; Ignore SOFT Buffers                                          ; On              ; On            ;
; Limit AHDL Integers to 32 Bits                               ; Off             ; Off           ;
; Auto Implement in ROM                                        ; Off             ; Off           ;
; Optimization Technique                                       ; Area            ; Area          ;
; Carry Chain Length                                           ; 32              ; 32            ;
; Cascade Chain Length                                         ; 2               ; 2             ;
; Auto Carry Chains                                            ; On              ; On            ;
; Auto Open-Drain Pins                                         ; On              ; On            ;
; Auto ROM Replacement                                         ; On              ; On            ;
; Auto RAM Replacement                                         ; On              ; On            ;
; Auto Clock Enable Replacement                                ; On              ; On            ;
; Strict RAM Replacement                                       ; Off             ; Off           ;
; Auto Resource Sharing                                        ; Off             ; Off           ;
; Allow Any RAM Size For Recognition                           ; Off             ; Off           ;
; Allow Any ROM Size For Recognition                           ; Off             ; Off           ;
; Use LogicLock Constraints during Resource Balancing          ; On              ; On            ;
; Ignore translate_off and synthesis_off directives            ; Off             ; Off           ;
; Show Parameter Settings Tables in Synthesis Report           ; On              ; On            ;
; HDL message level                                            ; Level2          ; Level2        ;
; Suppress Register Optimization Related Messages              ; Off             ; Off           ;
; Number of Removed Registers Reported in Synthesis Report     ; 100             ; 100           ;
; Number of Inverted Registers Reported in Synthesis Report    ; 100             ; 100           ;
; Block Design Naming                                          ; Auto            ; Auto          ;
; Synthesis Effort                                             ; Auto            ; Auto          ;
; Shift Register Replacement - Allow Asynchronous Clear Signal ; On              ; On            ;
; Analysis & Synthesis Message Level                           ; Medium          ; Medium        ;
+--------------------------------------------------------------+-----------------+---------------+


+---------------------------------------------------------------------------------------------------------------+
; Analysis & Synthesis Source Files Read                                                                        ;
+----------------------------------+-----------------+------------------------+---------------------------------+
; File Name with User-Entered Path ; Used in Netlist ; File Type              ; File Name with Absolute Path    ;
+----------------------------------+-----------------+------------------------+---------------------------------+
; snake.v                          ; yes             ; User Verilog HDL File  ; C:/Beatka/verilog-snake/snake.v ;
+----------------------------------+-----------------+------------------------+---------------------------------+


+---------------------------------------------+
; Analysis & Synthesis Resource Usage Summary ;
+--------------------------------+------------+
; Resource                       ; Usage      ;
+--------------------------------+------------+
; Total logic elements           ; 0          ;
; Total combinational functions  ; 0          ;
;     -- Total 4-input functions ; 0          ;
;     -- Total 3-input functions ; 0          ;
;     -- Total 2-input functions ; 0          ;
;     -- Total 1-input functions ; 0          ;
;     -- Total 0-input functions ; 0          ;
; Total registers                ; 0          ;
; I/O pins                       ; 114        ;
+--------------------------------+------------+


+--------------------------------------------------------------------------------------------------------------------------------------------------------------------------------------------------------+
; Analysis & Synthesis Resource Utilization by Entity                                                                                                                                                    ;
+----------------------------+-------------+--------------+-------------+------+--------------+-------------------+------------------+-----------------+------------+---------------------+--------------+
; Compilation Hierarchy Node ; Logic Cells ; LC Registers ; Memory Bits ; Pins ; LUT-Only LCs ; Register-Only LCs ; LUT/Register LCs ; Carry Chain LCs ; Packed LCs ; Full Hierarchy Name ; Library Name ;
+----------------------------+-------------+--------------+-------------+------+--------------+-------------------+------------------+-----------------+------------+---------------------+--------------+
; |snake                     ; 0 (0)       ; 0            ; 0           ; 114  ; 0 (0)        ; 0 (0)             ; 0 (0)            ; 0 (0)           ; 0 (0)      ; |snake              ; work         ;
+----------------------------+-------------+--------------+-------------+------+--------------+-------------------+------------------+-----------------+------------+---------------------+--------------+
Note: For table entries with two numbers listed, the numbers in parentheses indicate the number of resources of the given type used by the specific entity alone. The numbers listed outside of parentheses indicate the total resources of the given type used by the specific entity and all of its sub-entities in the hierarchy.


+------------------------------------------------------+
; General Register Statistics                          ;
+----------------------------------------------+-------+
; Statistic                                    ; Value ;
+----------------------------------------------+-------+
; Total registers                              ; 0     ;
; Number of registers using Synchronous Clear  ; 0     ;
; Number of registers using Synchronous Load   ; 0     ;
; Number of registers using Asynchronous Clear ; 0     ;
; Number of registers using Asynchronous Load  ; 0     ;
; Number of registers using Clock Enable       ; 0     ;
; Number of registers using Preset             ; 0     ;
+----------------------------------------------+-------+


+-------------------------------+
; Analysis & Synthesis Messages ;
+-------------------------------+
Info: *******************************************************************
Info: Running Quartus II Analysis & Synthesis
    Info: Version 9.0 Build 235 06/17/2009 Service Pack 2 SJ Web Edition
    Info: Processing started: Wed Jan 07 23:34:48 2015
Info: Command: quartus_map --read_settings_files=on --write_settings_files=off snake -c snake
Info: Found 1 design units, including 1 entities, in source file snakeCtrl.v
    Info: Found entity 1: snakeCtrl
Info: Found 1 design units, including 1 entities, in source file snake.v
    Info: Found entity 1: snake
Info: Found 1 design units, including 1 entities, in source file debouncer.v
    Info: Found entity 1: debouncer
Info: Found 1 design units, including 1 entities, in source file display.v
    Info: Found entity 1: display
Info: Found 1 design units, including 1 entities, in source file prescaler.v
    Info: Found entity 1: prescaler
Info: Found 1 design units, including 1 entities, in source file randomizer.v
    Info: Found entity 1: randomizer
Info: Found 1 design units, including 1 entities, in source file snakeMove.v
    Info: Found entity 1: snakeMove
Info: Found 1 design units, including 1 entities, in source file fifo.v
    Info: Found entity 1: fifo
Info: Found 1 design units, including 1 entities, in source file shiftreg.v
    Info: Found entity 1: shiftreg
Info: Elaborating entity "snake" for the top level hierarchy
Warning (10034): Output port "VGA_RED" at snake.v(55) has no driver
Warning (10034): Output port "VGA_GREEN" at snake.v(56) has no driver
Warning (10034): Output port "VGA_BLUE" at snake.v(57) has no driver
Warning (10034): Output port "VGA_HSYNC" at snake.v(58) has no driver
Warning (10034): Output port "VGA_VSYNC" at snake.v(59) has no driver
Warning (10034): Output port "LED[15]" at snake.v(61) has no driver
Warning (10034): Output port "LED[14]" at snake.v(61) has no driver
Warning (10034): Output port "LED[13]" at snake.v(61) has no driver
Warning (10034): Output port "LED[12]" at snake.v(61) has no driver
Warning (10034): Output port "LED[11]" at snake.v(61) has no driver
Warning (10034): Output port "LED[10]" at snake.v(61) has no driver
Warning (10034): Output port "LED[9]" at snake.v(61) has no driver
Warning (10034): Output port "LED[8]" at snake.v(61) has no driver
Warning (10034): Output port "LED[7]" at snake.v(61) has no driver
Warning (10034): Output port "LED[6]" at snake.v(61) has no driver
Warning (10034): Output port "LED[5]" at snake.v(61) has no driver
Warning (10034): Output port "LED[4]" at snake.v(61) has no driver
Warning (10034): Output port "LED[3]" at snake.v(61) has no driver
Warning (10034): Output port "LED[2]" at snake.v(61) has no driver
Warning (10034): Output port "LED[1]" at snake.v(61) has no driver
Warning (10034): Output port "LED[0]" at snake.v(61) has no driver
Warning (10034): Output port "DISP1[6]" at snake.v(65) has no driver
Warning (10034): Output port "DISP1[5]" at snake.v(65) has no driver
Warning (10034): Output port "DISP1[4]" at snake.v(65) has no driver
Warning (10034): Output port "DISP1[3]" at snake.v(65) has no driver
Warning (10034): Output port "DISP1[2]" at snake.v(65) has no driver
Warning (10034): Output port "DISP1[1]" at snake.v(65) has no driver
Warning (10034): Output port "DISP1[0]" at snake.v(65) has no driver
Warning (10034): Output port "DISP1_DP" at snake.v(66) has no driver
Warning (10034): Output port "DISP2[6]" at snake.v(67) has no driver
Warning (10034): Output port "DISP2[5]" at snake.v(67) has no driver
Warning (10034): Output port "DISP2[4]" at snake.v(67) has no driver
Warning (10034): Output port "DISP2[3]" at snake.v(67) has no driver
Warning (10034): Output port "DISP2[2]" at snake.v(67) has no driver
Warning (10034): Output port "DISP2[1]" at snake.v(67) has no driver
Warning (10034): Output port "DISP2[0]" at snake.v(67) has no driver
Warning (10034): Output port "DISP2_DP" at snake.v(68) has no driver
Warning (10034): Output port "DISP3[6]" at snake.v(69) has no driver
Warning (10034): Output port "DISP3[5]" at snake.v(69) has no driver
Warning (10034): Output port "DISP3[4]" at snake.v(69) has no driver
Warning (10034): Output port "DISP3[3]" at snake.v(69) has no driver
Warning (10034): Output port "DISP3[2]" at snake.v(69) has no driver
Warning (10034): Output port "DISP3[1]" at snake.v(69) has no driver
Warning (10034): Output port "DISP3[0]" at snake.v(69) has no driver
Warning (10034): Output port "DISP3_DP" at snake.v(70) has no driver
Warning (10034): Output port "DISP4[6]" at snake.v(71) has no driver
Warning (10034): Output port "DISP4[5]" at snake.v(71) has no driver
Warning (10034): Output port "DISP4[4]" at snake.v(71) has no driver
Warning (10034): Output port "DISP4[3]" at snake.v(71) has no driver
Warning (10034): Output port "DISP4[2]" at snake.v(71) has no driver
Warning (10034): Output port "DISP4[1]" at snake.v(71) has no driver
Warning (10034): Output port "DISP4[0]" at snake.v(71) has no driver
Warning (10034): Output port "DISP4_DP" at snake.v(72) has no driver
Warning (10034): Output port "RS232_TX" at snake.v(80) has no driver
Warning (10034): Output port "RS232_RTS" at snake.v(81) has no driver
Warning (10034): Output port "MATRIX_ROW[7]" at snake.v(84) has no driver
Warning (10034): Output port "MATRIX_ROW[6]" at snake.v(84) has no driver
Warning (10034): Output port "MATRIX_ROW[5]" at snake.v(84) has no driver
Warning (10034): Output port "MATRIX_ROW[4]" at snake.v(84) has no driver
Warning (10034): Output port "MATRIX_ROW[3]" at snake.v(84) has no driver
Warning (10034): Output port "MATRIX_ROW[2]" at snake.v(84) has no driver
Warning (10034): Output port "MATRIX_ROW[1]" at snake.v(84) has no driver
Warning (10034): Output port "MATRIX_ROW[0]" at snake.v(84) has no driver
Warning (10034): Output port "MATRIX_COL[15]" at snake.v(85) has no driver
Warning (10034): Output port "MATRIX_COL[14]" at snake.v(85) has no driver
Warning (10034): Output port "MATRIX_COL[13]" at snake.v(85) has no driver
Warning (10034): Output port "MATRIX_COL[12]" at snake.v(85) has no driver
Warning (10034): Output port "MATRIX_COL[11]" at snake.v(85) has no driver
Warning (10034): Output port "MATRIX_COL[10]" at snake.v(85) has no driver
Warning (10034): Output port "MATRIX_COL[9]" at snake.v(85) has no driver
Warning (10034): Output port "MATRIX_COL[8]" at snake.v(85) has no driver
Warning (10034): Output port "MATRIX_COL[7]" at snake.v(85) has no driver
Warning (10034): Output port "MATRIX_COL[6]" at snake.v(85) has no driver
Warning (10034): Output port "MATRIX_COL[5]" at snake.v(85) has no driver
Warning (10034): Output port "MATRIX_COL[4]" at snake.v(85) has no driver
Warning (10034): Output port "MATRIX_COL[3]" at snake.v(85) has no driver
Warning (10034): Output port "MATRIX_COL[2]" at snake.v(85) has no driver
Warning (10034): Output port "MATRIX_COL[1]" at snake.v(85) has no driver
Warning (10034): Output port "MATRIX_COL[0]" at snake.v(85) has no driver
Warning: The following bidir pins have no drivers
    Warning: Bidir "FLEX_MOUSE_CLK" has no driver
    Warning: Bidir "FLEX_MOUSE_DATA" has no driver
    Warning: Bidir "PS2_DATA" has no driver
    Warning: Bidir "PS2_CLK" has no driver
Warning: Output pins are stuck at VCC or GND
    Warning (13410): Pin "FLEX_DIGIT_1[0]" is stuck at VCC
    Warning (13410): Pin "FLEX_DIGIT_1[1]" is stuck at VCC
    Warning (13410): Pin "FLEX_DIGIT_1[2]" is stuck at VCC
    Warning (13410): Pin "FLEX_DIGIT_1[3]" is stuck at VCC
    Warning (13410): Pin "FLEX_DIGIT_1[4]" is stuck at VCC
    Warning (13410): Pin "FLEX_DIGIT_1[5]" is stuck at VCC
    Warning (13410): Pin "FLEX_DIGIT_1[6]" is stuck at VCC
    Warning (13410): Pin "FLEX_DIGIT_1_DP" is stuck at VCC
    Warning (13410): Pin "FLEX_DIGIT_2[0]" is stuck at VCC
    Warning (13410): Pin "FLEX_DIGIT_2[1]" is stuck at VCC
    Warning (13410): Pin "FLEX_DIGIT_2[2]" is stuck at VCC
    Warning (13410): Pin "FLEX_DIGIT_2[3]" is stuck at VCC
    Warning (13410): Pin "FLEX_DIGIT_2[4]" is stuck at VCC
    Warning (13410): Pin "FLEX_DIGIT_2[5]" is stuck at VCC
    Warning (13410): Pin "FLEX_DIGIT_2[6]" is stuck at VCC
    Warning (13410): Pin "FLEX_DIGIT_2_DP" is stuck at VCC
    Warning (13410): Pin "VGA_RED" is stuck at GND
    Warning (13410): Pin "VGA_BLUE" is stuck at GND
    Warning (13410): Pin "VGA_GREEN" is stuck at GND
    Warning (13410): Pin "VGA_HSYNC" is stuck at GND
    Warning (13410): Pin "VGA_VSYNC" is stuck at GND
    Warning (13410): Pin "LED[0]" is stuck at GND
    Warning (13410): Pin "LED[1]" is stuck at GND
    Warning (13410): Pin "LED[2]" is stuck at GND
    Warning (13410): Pin "LED[3]" is stuck at GND
    Warning (13410): Pin "LED[4]" is stuck at GND
    Warning (13410): Pin "LED[5]" is stuck at GND
    Warning (13410): Pin "LED[6]" is stuck at GND
    Warning (13410): Pin "LED[7]" is stuck at GND
    Warning (13410): Pin "LED[8]" is stuck at GND
    Warning (13410): Pin "LED[9]" is stuck at GND
    Warning (13410): Pin "LED[10]" is stuck at GND
    Warning (13410): Pin "LED[11]" is stuck at GND
    Warning (13410): Pin "LED[12]" is stuck at GND
    Warning (13410): Pin "LED[13]" is stuck at GND
    Warning (13410): Pin "LED[14]" is stuck at GND
    Warning (13410): Pin "LED[15]" is stuck at GND
    Warning (13410): Pin "DISP1[0]" is stuck at GND
    Warning (13410): Pin "DISP1[1]" is stuck at GND
    Warning (13410): Pin "DISP1[2]" is stuck at GND
    Warning (13410): Pin "DISP1[3]" is stuck at GND
    Warning (13410): Pin "DISP1[4]" is stuck at GND
    Warning (13410): Pin "DISP1[5]" is stuck at GND
    Warning (13410): Pin "DISP1[6]" is stuck at GND
    Warning (13410): Pin "DISP1_DP" is stuck at GND
    Warning (13410): Pin "DISP2[0]" is stuck at GND
    Warning (13410): Pin "DISP2[1]" is stuck at GND
    Warning (13410): Pin "DISP2[2]" is stuck at GND
    Warning (13410): Pin "DISP2[3]" is stuck at GND
    Warning (13410): Pin "DISP2[4]" is stuck at GND
    Warning (13410): Pin "DISP2[5]" is stuck at GND
    Warning (13410): Pin "DISP2[6]" is stuck at GND
    Warning (13410): Pin "DISP2_DP" is stuck at GND
    Warning (13410): Pin "DISP3[0]" is stuck at GND
    Warning (13410): Pin "DISP3[1]" is stuck at GND
    Warning (13410): Pin "DISP3[2]" is stuck at GND
    Warning (13410): Pin "DISP3[3]" is stuck at GND
    Warning (13410): Pin "DISP3[4]" is stuck at GND
    Warning (13410): Pin "DISP3[5]" is stuck at GND
    Warning (13410): Pin "DISP3[6]" is stuck at GND
    Warning (13410): Pin "DISP3_DP" is stuck at GND
    Warning (13410): Pin "DISP4[0]" is stuck at GND
    Warning (13410): Pin "DISP4[1]" is stuck at GND
    Warning (13410): Pin "DISP4[2]" is stuck at GND
    Warning (13410): Pin "DISP4[3]" is stuck at GND
    Warning (13410): Pin "DISP4[4]" is stuck at GND
    Warning (13410): Pin "DISP4[5]" is stuck at GND
    Warning (13410): Pin "DISP4[6]" is stuck at GND
    Warning (13410): Pin "DISP4_DP" is stuck at GND
    Warning (13410): Pin "RS232_TX" is stuck at GND
    Warning (13410): Pin "RS232_RTS" is stuck at GND
    Warning (13410): Pin "MATRIX_ROW[0]" is stuck at GND
    Warning (13410): Pin "MATRIX_ROW[1]" is stuck at GND
    Warning (13410): Pin "MATRIX_ROW[2]" is stuck at GND
    Warning (13410): Pin "MATRIX_ROW[3]" is stuck at GND
    Warning (13410): Pin "MATRIX_ROW[4]" is stuck at GND
    Warning (13410): Pin "MATRIX_ROW[5]" is stuck at GND
    Warning (13410): Pin "MATRIX_ROW[6]" is stuck at GND
    Warning (13410): Pin "MATRIX_ROW[7]" is stuck at GND
    Warning (13410): Pin "MATRIX_COL[0]" is stuck at GND
    Warning (13410): Pin "MATRIX_COL[1]" is stuck at GND
    Warning (13410): Pin "MATRIX_COL[2]" is stuck at GND
    Warning (13410): Pin "MATRIX_COL[3]" is stuck at GND
    Warning (13410): Pin "MATRIX_COL[4]" is stuck at GND
    Warning (13410): Pin "MATRIX_COL[5]" is stuck at GND
    Warning (13410): Pin "MATRIX_COL[6]" is stuck at GND
    Warning (13410): Pin "MATRIX_COL[7]" is stuck at GND
    Warning (13410): Pin "MATRIX_COL[8]" is stuck at GND
    Warning (13410): Pin "MATRIX_COL[9]" is stuck at GND
    Warning (13410): Pin "MATRIX_COL[10]" is stuck at GND
    Warning (13410): Pin "MATRIX_COL[11]" is stuck at GND
    Warning (13410): Pin "MATRIX_COL[12]" is stuck at GND
    Warning (13410): Pin "MATRIX_COL[13]" is stuck at GND
    Warning (13410): Pin "MATRIX_COL[14]" is stuck at GND
    Warning (13410): Pin "MATRIX_COL[15]" is stuck at GND
Warning: Design contains 15 input pin(s) that do not drive logic
    Warning (15610): No output dependent on input pin "MCLK"
    Warning (15610): No output dependent on input pin "SW[0]"
    Warning (15610): No output dependent on input pin "SW[1]"
    Warning (15610): No output dependent on input pin "SW[2]"
    Warning (15610): No output dependent on input pin "SW[3]"
    Warning (15610): No output dependent on input pin "SW[4]"
    Warning (15610): No output dependent on input pin "SW[5]"
    Warning (15610): No output dependent on input pin "SW[6]"
    Warning (15610): No output dependent on input pin "SW[7]"
    Warning (15610): No output dependent on input pin "BT[0]"
    Warning (15610): No output dependent on input pin "BT[1]"
    Warning (15610): No output dependent on input pin "BT[2]"
    Warning (15610): No output dependent on input pin "BT[3]"
    Warning (15610): No output dependent on input pin "RS232_RX"
    Warning (15610): No output dependent on input pin "RS232_CTS"
Info: Implemented 114 device resources after synthesis - the final resource count might be different
    Info: Implemented 15 input pins
    Info: Implemented 95 output pins
    Info: Implemented 4 bidirectional pins
Info: Generated suppressed messages file C:/Beatka/verilog-snake/snake.map.smsg
Info: Quartus II Analysis & Synthesis was successful. 0 errors, 196 warnings
    Info: Peak virtual memory: 199 megabytes
    Info: Processing ended: Wed Jan 07 23:34:56 2015
    Info: Elapsed time: 00:00:08
    Info: Total CPU time (on all processors): 00:00:08


+------------------------------------------+
; Analysis & Synthesis Suppressed Messages ;
+------------------------------------------+
The suppressed messages can be found in C:/Beatka/verilog-snake/snake.map.smsg.


