Flow report for snake
Wed Jan 07 23:35:28 2015
Quartus II Version 9.0 Build 235 06/17/2009 Service Pack 2 SJ Web Edition


---------------------
; Table of Contents ;
---------------------
  1. Legal Notice
  2. Flow Summary
  3. Flow Settings
  4. Flow Non-Default Global Settings
  5. Flow Elapsed Time
  6. Flow OS Summary
  7. Flow Log



----------------
; Legal Notice ;
----------------
Copyright (C) 1991-2009 Altera Corporation
Your use of Altera Corporation's design tools, logic functions 
and other software and tools, and its AMPP partner logic 
functions, and any output files from any of the foregoing 
(including device programming or simulation files), and any 
associated documentation or information are expressly subject 
to the terms and conditions of the Altera Program License 
Subscription Agreement, Altera MegaCore Function License 
Agreement, or other applicable license agreement, including, 
without limitation, that your use is for the sole purpose of 
programming logic devices manufactured by Altera and sold by 
Altera or its authorized distributors.  Please refer to the 
applicable agreement for further details.



+------------------------------------------------------------------------+
; Flow Summary                                                           ;
+-------------------------+----------------------------------------------+
; Flow Status             ; Successful - Wed Jan 07 23:35:28 2015        ;
; Quartus II Version      ; 9.0 Build 235 06/17/2009 SP 2 SJ Web Edition ;
; Revision Name           ; snake                                        ;
; Top-level Entity Name   ; snake                                        ;
; Family                  ; FLEX10K                                      ;
; Device                  ; EPF10K70RC240-4                              ;
; Timing Models           ; Final                                        ;
; Met timing requirements ; Yes                                          ;
; Total logic elements    ; 0 / 3,744 ( 0 % )                            ;
; Total pins              ; 114 / 189 ( 60 % )                           ;
; Total memory bits       ; 0 / 18,432 ( 0 % )                           ;
+-------------------------+----------------------------------------------+


+-----------------------------------------+
; Flow Settings                           ;
+-------------------+---------------------+
; Option            ; Setting             ;
+-------------------+---------------------+
; Start date & time ; 01/07/2015 23:34:52 ;
; Main task         ; Compilation         ;
; Revision Name     ; snake               ;
+-------------------+---------------------+


+----------------------------------------------------------------------------------------------------------------------+
; Flow Non-Default Global Settings                                                                                     ;
+------------------------------------+----------------------------------+---------------+-------------+----------------+
; Assignment Name                    ; Value                            ; Default Value ; Entity Name ; Section Id     ;
+------------------------------------+----------------------------------+---------------+-------------+----------------+
; COMPILER_SIGNATURE_ID              ; 52244213409.142067009204516      ; --            ; --          ; --             ;
; IP_TOOL_NAME                       ; FIFO                             ; --            ; --          ; --             ;
; IP_TOOL_NAME                       ; LPM_SHIFTREG                     ; --            ; --          ; --             ;
; IP_TOOL_VERSION                    ; 9.0                              ; --            ; --          ; --             ;
; IP_TOOL_VERSION                    ; 9.0                              ; --            ; --          ; --             ;
; MAX_CORE_JUNCTION_TEMP             ; 85                               ; --            ; --          ; --             ;
; MIN_CORE_JUNCTION_TEMP             ; 0                                ; --            ; --          ; --             ;
; MISC_FILE                          ; D:/Beatka/AGH/TC/snake/snake.dpf ; --            ; --          ; --             ;
; MISC_FILE                          ; fifo_bb.v                        ; --            ; --          ; --             ;
; MISC_FILE                          ; fifo.cmp                         ; --            ; --          ; --             ;
; MISC_FILE                          ; shiftreg_bb.v                    ; --            ; --          ; --             ;
; USE_GENERATED_PHYSICAL_CONSTRAINTS ; Off                              ; --            ; --          ; eda_blast_fpga ;
+------------------------------------+----------------------------------+---------------+-------------+----------------+


+-----------------------------------------------------------------------------------------------------------------------------+
; Flow Elapsed Time                                                                                                           ;
+-------------------------+--------------+-------------------------+---------------------+------------------------------------+
; Module Name             ; Elapsed Time ; Average Processors Used ; Peak Virtual Memory ; Total CPU Time (on all processors) ;
+-------------------------+--------------+-------------------------+---------------------+------------------------------------+
; Analysis & Synthesis    ; 00:00:07     ; 1.0                     ; 199 MB              ; 00:00:07                           ;
; Fitter                  ; 00:00:12     ; 1.0                     ; 196 MB              ; 00:00:07                           ;
; Assembler               ; 00:00:06     ; 1.0                     ; 191 MB              ; 00:00:02                           ;
; Classic Timing Analyzer ; 00:00:08     ; 1.0                     ; 158 MB              ; 00:00:03                           ;
; Total                   ; 00:00:33     ; --                      ; --                  ; 00:00:19                           ;
+-------------------------+--------------+-------------------------+---------------------+------------------------------------+


+------------------------------------------------------------------------------------------+
; Flow OS Summary                                                                          ;
+-------------------------+------------------+---------------+------------+----------------+
; Module Name             ; Machine Hostname ; OS Name       ; OS Version ; Processor type ;
+-------------------------+------------------+---------------+------------+----------------+
; Analysis & Synthesis    ; WIN-CSNUAM2MPO8  ; Windows Vista ; 6.2        ; i686           ;
; Fitter                  ; WIN-CSNUAM2MPO8  ; Windows Vista ; 6.2        ; i686           ;
; Assembler               ; WIN-CSNUAM2MPO8  ; Windows Vista ; 6.2        ; i686           ;
; Classic Timing Analyzer ; WIN-CSNUAM2MPO8  ; Windows Vista ; 6.2        ; i686           ;
+-------------------------+------------------+---------------+------------+----------------+


------------
; Flow Log ;
------------
quartus_map --read_settings_files=on --write_settings_files=off snake -c snake
quartus_fit --read_settings_files=off --write_settings_files=off snake -c snake
quartus_asm --read_settings_files=off --write_settings_files=off snake -c snake
quartus_tan --read_settings_files=off --write_settings_files=off snake -c snake



